[0.016s] Invoking command in '/home/arkadeep/EDL/AutoDriveCar/softStack/amr_ws/build/amr_nav2_jetson': CMAKE_PREFIX_PATH=/opt/ros/humble /usr/bin/cmake /home/arkadeep/EDL/AutoDriveCar/softStack/amr_ws/src/AMR_Nav2_Jetson -DAMENT_CMAKE_SYMLINK_INSTALL=1 -DCMAKE_INSTALL_PREFIX=/home/arkadeep/EDL/AutoDriveCar/softStack/amr_ws/install/amr_nav2_jetson
[0.092s] -- The C compiler identification is GNU 11.4.0
[0.152s] -- The CXX compiler identification is GNU 11.4.0
[0.158s] -- Detecting C compiler ABI info
[0.212s] -- Detecting C compiler ABI info - done
[0.218s] -- Check for working C compiler: /usr/bin/cc - skipped
[0.218s] -- Detecting C compile features
[0.219s] -- Detecting C compile features - done
[0.221s] -- Detecting CXX compiler ABI info
[0.280s] -- Detecting CXX compiler ABI info - done
[0.286s] -- Check for working CXX compiler: /usr/bin/c++ - skipped
[0.286s] -- Detecting CXX compile features
[0.286s] -- Detecting CXX compile features - done
[0.289s] -- Found ament_cmake: 1.3.11 (/opt/ros/humble/share/ament_cmake/cmake)
[0.551s] -- Found Python3: /usr/bin/python3 (found version "3.10.12") found components: Interpreter 
[0.595s] -- Override CMake install command with custom implementation using symlinks instead of copying resources
[0.616s] -- Found ament_lint_auto: 0.12.11 (/opt/ros/humble/share/ament_lint_auto/cmake)
[0.672s] -- Added test 'copyright' to check source files copyright and LICENSE
[0.673s] -- Added test 'flake8' to check Python code syntax and style conventions
[0.674s] -- Added test 'lint_cmake' to check CMake code style
[0.674s] -- Added test 'pep257' to check Python code against some of the docstring style conventions in PEP 257
[0.675s] -- Added test 'xmllint' to check XML markup files
[0.676s] -- Configuring done
[0.677s] -- Generating done
[0.678s] -- Build files have been written to: /home/arkadeep/EDL/AutoDriveCar/softStack/amr_ws/build/amr_nav2_jetson
[0.681s] Invoked command in '/home/arkadeep/EDL/AutoDriveCar/softStack/amr_ws/build/amr_nav2_jetson' returned '0': CMAKE_PREFIX_PATH=/opt/ros/humble /usr/bin/cmake /home/arkadeep/EDL/AutoDriveCar/softStack/amr_ws/src/AMR_Nav2_Jetson -DAMENT_CMAKE_SYMLINK_INSTALL=1 -DCMAKE_INSTALL_PREFIX=/home/arkadeep/EDL/AutoDriveCar/softStack/amr_ws/install/amr_nav2_jetson
[0.681s] Invoking command in '/home/arkadeep/EDL/AutoDriveCar/softStack/amr_ws/build/amr_nav2_jetson': CMAKE_PREFIX_PATH=/opt/ros/humble /usr/bin/cmake --build /home/arkadeep/EDL/AutoDriveCar/softStack/amr_ws/build/amr_nav2_jetson -- -j16 -l16
[0.711s] Invoked command in '/home/arkadeep/EDL/AutoDriveCar/softStack/amr_ws/build/amr_nav2_jetson' returned '0': CMAKE_PREFIX_PATH=/opt/ros/humble /usr/bin/cmake --build /home/arkadeep/EDL/AutoDriveCar/softStack/amr_ws/build/amr_nav2_jetson -- -j16 -l16
[0.718s] Invoking command in '/home/arkadeep/EDL/AutoDriveCar/softStack/amr_ws/build/amr_nav2_jetson': CMAKE_PREFIX_PATH=/opt/ros/humble /usr/bin/cmake --install /home/arkadeep/EDL/AutoDriveCar/softStack/amr_ws/build/amr_nav2_jetson
[0.725s] -- Install configuration: ""
[0.725s] -- Execute custom install script
[0.725s] -- Symlinking: /home/arkadeep/EDL/AutoDriveCar/softStack/amr_ws/install/amr_nav2_jetson/share/amr_nav2_jetson/config/drive_amr_teleop.rviz
[0.731s] -- Symlinking: /home/arkadeep/EDL/AutoDriveCar/softStack/amr_ws/install/amr_nav2_jetson/share/amr_nav2_jetson/config/empty.yaml
[0.738s] -- Symlinking: /home/arkadeep/EDL/AutoDriveCar/softStack/amr_ws/install/amr_nav2_jetson/share/amr_nav2_jetson/config/my_controllers.yaml
[0.743s] -- Symlinking: /home/arkadeep/EDL/AutoDriveCar/softStack/amr_ws/install/amr_nav2_jetson/share/amr_nav2_jetson/config/view_amr.rviz
[0.750s] -- Symlinking: /home/arkadeep/EDL/AutoDriveCar/softStack/amr_ws/install/amr_nav2_jetson/share/amr_nav2_jetson/description/camera.xacro
[0.756s] -- Symlinking: /home/arkadeep/EDL/AutoDriveCar/softStack/amr_ws/install/amr_nav2_jetson/share/amr_nav2_jetson/description/depth_camera.xacro
[0.762s] -- Symlinking: /home/arkadeep/EDL/AutoDriveCar/softStack/amr_ws/install/amr_nav2_jetson/share/amr_nav2_jetson/description/gazebo_control.xacro
[0.768s] -- Symlinking: /home/arkadeep/EDL/AutoDriveCar/softStack/amr_ws/install/amr_nav2_jetson/share/amr_nav2_jetson/description/inertial_macros.xacro
[0.776s] -- Symlinking: /home/arkadeep/EDL/AutoDriveCar/softStack/amr_ws/install/amr_nav2_jetson/share/amr_nav2_jetson/description/lidar.xacro
[0.782s] -- Symlinking: /home/arkadeep/EDL/AutoDriveCar/softStack/amr_ws/install/amr_nav2_jetson/share/amr_nav2_jetson/description/robot.urdf.xacro
[0.790s] -- Symlinking: /home/arkadeep/EDL/AutoDriveCar/softStack/amr_ws/install/amr_nav2_jetson/share/amr_nav2_jetson/description/robot_core.xacro
[0.796s] -- Symlinking: /home/arkadeep/EDL/AutoDriveCar/softStack/amr_ws/install/amr_nav2_jetson/share/amr_nav2_jetson/description/ros2_control.xacro
[0.802s] -- Symlinking: /home/arkadeep/EDL/AutoDriveCar/softStack/amr_ws/install/amr_nav2_jetson/share/amr_nav2_jetson/launch/launch_sim.launch.py
[0.807s] -- Symlinking: /home/arkadeep/EDL/AutoDriveCar/softStack/amr_ws/install/amr_nav2_jetson/share/amr_nav2_jetson/launch/rsp.launch.py
[0.814s] -- Symlinking: /home/arkadeep/EDL/AutoDriveCar/softStack/amr_ws/install/amr_nav2_jetson/share/amr_nav2_jetson/worlds/custom_world1.world
[0.820s] -- Symlinking: /home/arkadeep/EDL/AutoDriveCar/softStack/amr_ws/install/amr_nav2_jetson/share/amr_nav2_jetson/worlds/empty.world
[0.827s] -- Symlinking: /home/arkadeep/EDL/AutoDriveCar/softStack/amr_ws/install/amr_nav2_jetson/share/ament_index/resource_index/package_run_dependencies/amr_nav2_jetson
[0.834s] -- Symlinking: /home/arkadeep/EDL/AutoDriveCar/softStack/amr_ws/install/amr_nav2_jetson/share/ament_index/resource_index/parent_prefix_path/amr_nav2_jetson
[0.841s] -- Symlinking: /home/arkadeep/EDL/AutoDriveCar/softStack/amr_ws/install/amr_nav2_jetson/share/amr_nav2_jetson/environment/ament_prefix_path.sh
[0.848s] -- Symlinking: /home/arkadeep/EDL/AutoDriveCar/softStack/amr_ws/install/amr_nav2_jetson/share/amr_nav2_jetson/environment/ament_prefix_path.dsv
[0.854s] -- Symlinking: /home/arkadeep/EDL/AutoDriveCar/softStack/amr_ws/install/amr_nav2_jetson/share/amr_nav2_jetson/environment/path.sh
[0.860s] -- Symlinking: /home/arkadeep/EDL/AutoDriveCar/softStack/amr_ws/install/amr_nav2_jetson/share/amr_nav2_jetson/environment/path.dsv
[0.866s] -- Symlinking: /home/arkadeep/EDL/AutoDriveCar/softStack/amr_ws/install/amr_nav2_jetson/share/amr_nav2_jetson/local_setup.bash
[0.870s] -- Symlinking: /home/arkadeep/EDL/AutoDriveCar/softStack/amr_ws/install/amr_nav2_jetson/share/amr_nav2_jetson/local_setup.sh
[0.877s] -- Symlinking: /home/arkadeep/EDL/AutoDriveCar/softStack/amr_ws/install/amr_nav2_jetson/share/amr_nav2_jetson/local_setup.zsh
[0.884s] -- Symlinking: /home/arkadeep/EDL/AutoDriveCar/softStack/amr_ws/install/amr_nav2_jetson/share/amr_nav2_jetson/local_setup.dsv
[0.889s] -- Symlinking: /home/arkadeep/EDL/AutoDriveCar/softStack/amr_ws/install/amr_nav2_jetson/share/amr_nav2_jetson/package.dsv
[0.896s] -- Symlinking: /home/arkadeep/EDL/AutoDriveCar/softStack/amr_ws/install/amr_nav2_jetson/share/ament_index/resource_index/packages/amr_nav2_jetson
[0.901s] -- Symlinking: /home/arkadeep/EDL/AutoDriveCar/softStack/amr_ws/install/amr_nav2_jetson/share/amr_nav2_jetson/cmake/amr_nav2_jetsonConfig.cmake
[0.908s] -- Symlinking: /home/arkadeep/EDL/AutoDriveCar/softStack/amr_ws/install/amr_nav2_jetson/share/amr_nav2_jetson/cmake/amr_nav2_jetsonConfig-version.cmake
[0.915s] -- Symlinking: /home/arkadeep/EDL/AutoDriveCar/softStack/amr_ws/install/amr_nav2_jetson/share/amr_nav2_jetson/package.xml
[0.922s] Invoked command in '/home/arkadeep/EDL/AutoDriveCar/softStack/amr_ws/build/amr_nav2_jetson' returned '0': CMAKE_PREFIX_PATH=/opt/ros/humble /usr/bin/cmake --install /home/arkadeep/EDL/AutoDriveCar/softStack/amr_ws/build/amr_nav2_jetson
