[0.083s] DEBUG:colcon:Command line arguments: ['/home/arkadeep/.local/bin/colcon', 'build', '--symlink-install']
[0.083s] DEBUG:colcon:Parsed command line arguments: Namespace(log_base=None, log_level=None, verb_name='build', build_base='build', install_base='install', merge_install=False, symlink_install=True, test_result_base=None, continue_on_error=False, executor='parallel', parallel_workers=16, event_handlers=None, ignore_user_meta=False, metas=['./colcon.meta'], base_paths=['.'], packages_ignore=None, packages_ignore_regex=None, paths=None, packages_up_to=None, packages_up_to_regex=None, packages_above=None, packages_above_and_dependencies=None, packages_above_depth=None, packages_select_by_dep=None, packages_skip_by_dep=None, packages_skip_up_to=None, packages_select_build_failed=False, packages_skip_build_finished=False, packages_select_test_failures=False, packages_skip_test_passed=False, packages_select=None, packages_skip=None, packages_select_regex=None, packages_skip_regex=None, packages_start=None, packages_end=None, cmake_args=None, cmake_target=None, cmake_target_skip_unavailable=False, cmake_clean_cache=False, cmake_clean_first=False, cmake_force_configure=False, ament_cmake_args=None, catkin_cmake_args=None, catkin_skip_building_tests=False, verb_parser=<colcon_defaults.argument_parser.defaults.DefaultArgumentsDecorator object at 0x77b4d5922950>, verb_extension=<colcon_core.verb.build.BuildVerb object at 0x77b4d5922350>, main=<bound method BuildVerb.main of <colcon_core.verb.build.BuildVerb object at 0x77b4d5922350>>)
[0.115s] Level 1:colcon.colcon_core.package_discovery:discover_packages(colcon_meta) check parameters
[0.115s] Level 1:colcon.colcon_core.package_discovery:discover_packages(recursive) check parameters
[0.115s] Level 1:colcon.colcon_core.package_discovery:discover_packages(ignore) check parameters
[0.115s] Level 1:colcon.colcon_core.package_discovery:discover_packages(path) check parameters
[0.115s] Level 1:colcon.colcon_core.package_discovery:discover_packages(colcon_meta) discover
[0.115s] Level 1:colcon.colcon_core.package_discovery:discover_packages(recursive) discover
[0.115s] INFO:colcon.colcon_core.package_discovery:Crawling recursively for packages in '/home/arkadeep/EDL/AutoDriveCar/softStack/amr_ws'
[0.115s] Level 1:colcon.colcon_core.package_identification:_identify(.) by extensions ['ignore', 'ignore_ament_install']
[0.115s] Level 1:colcon.colcon_core.package_identification:_identify(.) by extension 'ignore'
[0.115s] Level 1:colcon.colcon_core.package_identification:_identify(.) by extension 'ignore_ament_install'
[0.115s] Level 1:colcon.colcon_core.package_identification:_identify(.) by extensions ['colcon_pkg']
[0.115s] Level 1:colcon.colcon_core.package_identification:_identify(.) by extension 'colcon_pkg'
[0.115s] Level 1:colcon.colcon_core.package_identification:_identify(.) by extensions ['colcon_meta']
[0.115s] Level 1:colcon.colcon_core.package_identification:_identify(.) by extension 'colcon_meta'
[0.115s] Level 1:colcon.colcon_core.package_identification:_identify(.) by extensions ['ros']
[0.115s] Level 1:colcon.colcon_core.package_identification:_identify(.) by extension 'ros'
[0.118s] Level 1:colcon.colcon_core.package_identification:_identify(.) by extensions ['cmake', 'python']
[0.118s] Level 1:colcon.colcon_core.package_identification:_identify(.) by extension 'cmake'
[0.118s] Level 1:colcon.colcon_core.package_identification:_identify(.) by extension 'python'
[0.118s] Level 1:colcon.colcon_core.package_identification:_identify(.) by extensions ['python_setup_py']
[0.118s] Level 1:colcon.colcon_core.package_identification:_identify(.) by extension 'python_setup_py'
[0.118s] Level 1:colcon.colcon_core.package_identification:_identify(build) by extensions ['ignore', 'ignore_ament_install']
[0.118s] Level 1:colcon.colcon_core.package_identification:_identify(build) by extension 'ignore'
[0.118s] Level 1:colcon.colcon_core.package_identification:_identify(build) ignored
[0.118s] Level 1:colcon.colcon_core.package_identification:_identify(install) by extensions ['ignore', 'ignore_ament_install']
[0.118s] Level 1:colcon.colcon_core.package_identification:_identify(install) by extension 'ignore'
[0.118s] Level 1:colcon.colcon_core.package_identification:_identify(install) ignored
[0.118s] Level 1:colcon.colcon_core.package_identification:_identify(log) by extensions ['ignore', 'ignore_ament_install']
[0.118s] Level 1:colcon.colcon_core.package_identification:_identify(log) by extension 'ignore'
[0.118s] Level 1:colcon.colcon_core.package_identification:_identify(log) ignored
[0.118s] Level 1:colcon.colcon_core.package_identification:_identify(src) by extensions ['ignore', 'ignore_ament_install']
[0.118s] Level 1:colcon.colcon_core.package_identification:_identify(src) by extension 'ignore'
[0.118s] Level 1:colcon.colcon_core.package_identification:_identify(src) by extension 'ignore_ament_install'
[0.118s] Level 1:colcon.colcon_core.package_identification:_identify(src) by extensions ['colcon_pkg']
[0.118s] Level 1:colcon.colcon_core.package_identification:_identify(src) by extension 'colcon_pkg'
[0.118s] Level 1:colcon.colcon_core.package_identification:_identify(src) by extensions ['colcon_meta']
[0.118s] Level 1:colcon.colcon_core.package_identification:_identify(src) by extension 'colcon_meta'
[0.118s] Level 1:colcon.colcon_core.package_identification:_identify(src) by extensions ['ros']
[0.119s] Level 1:colcon.colcon_core.package_identification:_identify(src) by extension 'ros'
[0.119s] Level 1:colcon.colcon_core.package_identification:_identify(src) by extensions ['cmake', 'python']
[0.119s] Level 1:colcon.colcon_core.package_identification:_identify(src) by extension 'cmake'
[0.119s] Level 1:colcon.colcon_core.package_identification:_identify(src) by extension 'python'
[0.119s] Level 1:colcon.colcon_core.package_identification:_identify(src) by extensions ['python_setup_py']
[0.119s] Level 1:colcon.colcon_core.package_identification:_identify(src) by extension 'python_setup_py'
[0.119s] Level 1:colcon.colcon_core.package_identification:_identify(src/AMR_Nav2_Jetson) by extensions ['ignore', 'ignore_ament_install']
[0.119s] Level 1:colcon.colcon_core.package_identification:_identify(src/AMR_Nav2_Jetson) by extension 'ignore'
[0.119s] Level 1:colcon.colcon_core.package_identification:_identify(src/AMR_Nav2_Jetson) by extension 'ignore_ament_install'
[0.119s] Level 1:colcon.colcon_core.package_identification:_identify(src/AMR_Nav2_Jetson) by extensions ['colcon_pkg']
[0.119s] Level 1:colcon.colcon_core.package_identification:_identify(src/AMR_Nav2_Jetson) by extension 'colcon_pkg'
[0.119s] Level 1:colcon.colcon_core.package_identification:_identify(src/AMR_Nav2_Jetson) by extensions ['colcon_meta']
[0.119s] Level 1:colcon.colcon_core.package_identification:_identify(src/AMR_Nav2_Jetson) by extension 'colcon_meta'
[0.119s] Level 1:colcon.colcon_core.package_identification:_identify(src/AMR_Nav2_Jetson) by extensions ['ros']
[0.119s] Level 1:colcon.colcon_core.package_identification:_identify(src/AMR_Nav2_Jetson) by extension 'ros'
[0.120s] DEBUG:colcon.colcon_core.package_identification:Package 'src/AMR_Nav2_Jetson' with type 'ros.ament_cmake' and name 'amr_nav2_jetson'
[0.120s] Level 1:colcon.colcon_core.package_discovery:discover_packages(recursive) using defaults
[0.120s] Level 1:colcon.colcon_core.package_discovery:discover_packages(ignore) discover
[0.121s] Level 1:colcon.colcon_core.package_discovery:discover_packages(ignore) using defaults
[0.121s] Level 1:colcon.colcon_core.package_discovery:discover_packages(path) discover
[0.121s] Level 1:colcon.colcon_core.package_discovery:discover_packages(path) using defaults
[0.133s] Level 5:colcon.colcon_core.verb:set package 'amr_nav2_jetson' build argument 'cmake_args' from command line to 'None'
[0.133s] Level 5:colcon.colcon_core.verb:set package 'amr_nav2_jetson' build argument 'cmake_target' from command line to 'None'
[0.133s] Level 5:colcon.colcon_core.verb:set package 'amr_nav2_jetson' build argument 'cmake_target_skip_unavailable' from command line to 'False'
[0.133s] Level 5:colcon.colcon_core.verb:set package 'amr_nav2_jetson' build argument 'cmake_clean_cache' from command line to 'False'
[0.133s] Level 5:colcon.colcon_core.verb:set package 'amr_nav2_jetson' build argument 'cmake_clean_first' from command line to 'False'
[0.133s] Level 5:colcon.colcon_core.verb:set package 'amr_nav2_jetson' build argument 'cmake_force_configure' from command line to 'False'
[0.133s] Level 5:colcon.colcon_core.verb:set package 'amr_nav2_jetson' build argument 'ament_cmake_args' from command line to 'None'
[0.133s] Level 5:colcon.colcon_core.verb:set package 'amr_nav2_jetson' build argument 'catkin_cmake_args' from command line to 'None'
[0.133s] Level 5:colcon.colcon_core.verb:set package 'amr_nav2_jetson' build argument 'catkin_skip_building_tests' from command line to 'False'
[0.133s] DEBUG:colcon.colcon_core.verb:Building package 'amr_nav2_jetson' with the following arguments: {'ament_cmake_args': None, 'build_base': '/home/arkadeep/EDL/AutoDriveCar/softStack/amr_ws/build/amr_nav2_jetson', 'catkin_cmake_args': None, 'catkin_skip_building_tests': False, 'cmake_args': None, 'cmake_clean_cache': False, 'cmake_clean_first': False, 'cmake_force_configure': False, 'cmake_target': None, 'cmake_target_skip_unavailable': False, 'install_base': '/home/arkadeep/EDL/AutoDriveCar/softStack/amr_ws/install/amr_nav2_jetson', 'merge_install': False, 'path': '/home/arkadeep/EDL/AutoDriveCar/softStack/amr_ws/src/AMR_Nav2_Jetson', 'symlink_install': True, 'test_result_base': None}
[0.134s] INFO:colcon.colcon_core.executor:Executing jobs using 'parallel' executor
[0.134s] DEBUG:colcon.colcon_parallel_executor.executor.parallel:run_until_complete
[0.134s] INFO:colcon.colcon_ros.task.ament_cmake.build:Building ROS package in '/home/arkadeep/EDL/AutoDriveCar/softStack/amr_ws/src/AMR_Nav2_Jetson' with build type 'ament_cmake'
[0.135s] INFO:colcon.colcon_cmake.task.cmake.build:Building CMake package in '/home/arkadeep/EDL/AutoDriveCar/softStack/amr_ws/src/AMR_Nav2_Jetson'
[0.136s] INFO:colcon.colcon_core.plugin_system:Skipping extension 'colcon_core.shell.bat': Not used on non-Windows systems
[0.136s] INFO:colcon.colcon_core.shell:Skip shell extension 'powershell' for command environment: Not usable outside of PowerShell
[0.136s] DEBUG:colcon.colcon_core.shell:Skip shell extension 'dsv' for command environment
[0.151s] DEBUG:colcon.colcon_core.event_handler.log_command:Invoking command in '/home/arkadeep/EDL/AutoDriveCar/softStack/amr_ws/build/amr_nav2_jetson': CMAKE_PREFIX_PATH=/opt/ros/humble /usr/bin/cmake /home/arkadeep/EDL/AutoDriveCar/softStack/amr_ws/src/AMR_Nav2_Jetson -DAMENT_CMAKE_SYMLINK_INSTALL=1 -DCMAKE_INSTALL_PREFIX=/home/arkadeep/EDL/AutoDriveCar/softStack/amr_ws/install/amr_nav2_jetson
[0.815s] DEBUG:colcon.colcon_core.event_handler.log_command:Invoked command in '/home/arkadeep/EDL/AutoDriveCar/softStack/amr_ws/build/amr_nav2_jetson' returned '0': CMAKE_PREFIX_PATH=/opt/ros/humble /usr/bin/cmake /home/arkadeep/EDL/AutoDriveCar/softStack/amr_ws/src/AMR_Nav2_Jetson -DAMENT_CMAKE_SYMLINK_INSTALL=1 -DCMAKE_INSTALL_PREFIX=/home/arkadeep/EDL/AutoDriveCar/softStack/amr_ws/install/amr_nav2_jetson
[0.816s] DEBUG:colcon.colcon_core.event_handler.log_command:Invoking command in '/home/arkadeep/EDL/AutoDriveCar/softStack/amr_ws/build/amr_nav2_jetson': CMAKE_PREFIX_PATH=/opt/ros/humble /usr/bin/cmake --build /home/arkadeep/EDL/AutoDriveCar/softStack/amr_ws/build/amr_nav2_jetson -- -j16 -l16
[0.846s] DEBUG:colcon.colcon_core.event_handler.log_command:Invoked command in '/home/arkadeep/EDL/AutoDriveCar/softStack/amr_ws/build/amr_nav2_jetson' returned '0': CMAKE_PREFIX_PATH=/opt/ros/humble /usr/bin/cmake --build /home/arkadeep/EDL/AutoDriveCar/softStack/amr_ws/build/amr_nav2_jetson -- -j16 -l16
[0.853s] DEBUG:colcon.colcon_core.event_handler.log_command:Invoking command in '/home/arkadeep/EDL/AutoDriveCar/softStack/amr_ws/build/amr_nav2_jetson': CMAKE_PREFIX_PATH=/opt/ros/humble /usr/bin/cmake --install /home/arkadeep/EDL/AutoDriveCar/softStack/amr_ws/build/amr_nav2_jetson
[1.057s] Level 1:colcon.colcon_core.environment:create_environment_scripts_only(amr_nav2_jetson)
[1.057s] DEBUG:colcon.colcon_core.event_handler.log_command:Invoked command in '/home/arkadeep/EDL/AutoDriveCar/softStack/amr_ws/build/amr_nav2_jetson' returned '0': CMAKE_PREFIX_PATH=/opt/ros/humble /usr/bin/cmake --install /home/arkadeep/EDL/AutoDriveCar/softStack/amr_ws/build/amr_nav2_jetson
[1.070s] Level 1:colcon.colcon_core.environment:checking '/home/arkadeep/EDL/AutoDriveCar/softStack/amr_ws/install/amr_nav2_jetson' for CMake module files
[1.070s] Level 1:colcon.colcon_core.environment:checking '/home/arkadeep/EDL/AutoDriveCar/softStack/amr_ws/install/amr_nav2_jetson' for CMake config files
[1.070s] Level 1:colcon.colcon_core.shell:create_environment_hook('amr_nav2_jetson', 'cmake_prefix_path')
[1.070s] INFO:colcon.colcon_core.shell:Creating environment hook '/home/arkadeep/EDL/AutoDriveCar/softStack/amr_ws/install/amr_nav2_jetson/share/amr_nav2_jetson/hook/cmake_prefix_path.ps1'
[1.071s] INFO:colcon.colcon_core.shell:Creating environment descriptor '/home/arkadeep/EDL/AutoDriveCar/softStack/amr_ws/install/amr_nav2_jetson/share/amr_nav2_jetson/hook/cmake_prefix_path.dsv'
[1.071s] INFO:colcon.colcon_core.shell:Creating environment hook '/home/arkadeep/EDL/AutoDriveCar/softStack/amr_ws/install/amr_nav2_jetson/share/amr_nav2_jetson/hook/cmake_prefix_path.sh'
[1.072s] Level 1:colcon.colcon_core.environment:checking '/home/arkadeep/EDL/AutoDriveCar/softStack/amr_ws/install/amr_nav2_jetson/bin'
[1.072s] Level 1:colcon.colcon_core.environment:checking '/home/arkadeep/EDL/AutoDriveCar/softStack/amr_ws/install/amr_nav2_jetson/lib/pkgconfig/amr_nav2_jetson.pc'
[1.073s] Level 1:colcon.colcon_core.environment:checking '/home/arkadeep/EDL/AutoDriveCar/softStack/amr_ws/install/amr_nav2_jetson/lib/python3.10/site-packages'
[1.073s] Level 1:colcon.colcon_core.environment:checking '/home/arkadeep/EDL/AutoDriveCar/softStack/amr_ws/install/amr_nav2_jetson/bin'
[1.074s] INFO:colcon.colcon_core.shell:Creating package script '/home/arkadeep/EDL/AutoDriveCar/softStack/amr_ws/install/amr_nav2_jetson/share/amr_nav2_jetson/package.ps1'
[1.074s] INFO:colcon.colcon_core.shell:Creating package descriptor '/home/arkadeep/EDL/AutoDriveCar/softStack/amr_ws/install/amr_nav2_jetson/share/amr_nav2_jetson/package.dsv'
[1.075s] INFO:colcon.colcon_core.shell:Creating package script '/home/arkadeep/EDL/AutoDriveCar/softStack/amr_ws/install/amr_nav2_jetson/share/amr_nav2_jetson/package.sh'
[1.075s] INFO:colcon.colcon_core.shell:Creating package script '/home/arkadeep/EDL/AutoDriveCar/softStack/amr_ws/install/amr_nav2_jetson/share/amr_nav2_jetson/package.bash'
[1.076s] INFO:colcon.colcon_core.shell:Creating package script '/home/arkadeep/EDL/AutoDriveCar/softStack/amr_ws/install/amr_nav2_jetson/share/amr_nav2_jetson/package.zsh'
[1.076s] Level 1:colcon.colcon_core.environment:create_file_with_runtime_dependencies(/home/arkadeep/EDL/AutoDriveCar/softStack/amr_ws/install/amr_nav2_jetson/share/colcon-core/packages/amr_nav2_jetson)
[1.077s] Level 1:colcon.colcon_core.environment:create_environment_scripts_only(amr_nav2_jetson)
[1.077s] Level 1:colcon.colcon_core.environment:checking '/home/arkadeep/EDL/AutoDriveCar/softStack/amr_ws/install/amr_nav2_jetson' for CMake module files
[1.077s] Level 1:colcon.colcon_core.environment:checking '/home/arkadeep/EDL/AutoDriveCar/softStack/amr_ws/install/amr_nav2_jetson' for CMake config files
[1.077s] Level 1:colcon.colcon_core.shell:create_environment_hook('amr_nav2_jetson', 'cmake_prefix_path')
[1.077s] INFO:colcon.colcon_core.shell:Creating environment hook '/home/arkadeep/EDL/AutoDriveCar/softStack/amr_ws/install/amr_nav2_jetson/share/amr_nav2_jetson/hook/cmake_prefix_path.ps1'
[1.077s] INFO:colcon.colcon_core.shell:Creating environment descriptor '/home/arkadeep/EDL/AutoDriveCar/softStack/amr_ws/install/amr_nav2_jetson/share/amr_nav2_jetson/hook/cmake_prefix_path.dsv'
[1.078s] INFO:colcon.colcon_core.shell:Creating environment hook '/home/arkadeep/EDL/AutoDriveCar/softStack/amr_ws/install/amr_nav2_jetson/share/amr_nav2_jetson/hook/cmake_prefix_path.sh'
[1.078s] Level 1:colcon.colcon_core.environment:checking '/home/arkadeep/EDL/AutoDriveCar/softStack/amr_ws/install/amr_nav2_jetson/bin'
[1.078s] Level 1:colcon.colcon_core.environment:checking '/home/arkadeep/EDL/AutoDriveCar/softStack/amr_ws/install/amr_nav2_jetson/lib/pkgconfig/amr_nav2_jetson.pc'
[1.078s] Level 1:colcon.colcon_core.environment:checking '/home/arkadeep/EDL/AutoDriveCar/softStack/amr_ws/install/amr_nav2_jetson/lib/python3.10/site-packages'
[1.078s] Level 1:colcon.colcon_core.environment:checking '/home/arkadeep/EDL/AutoDriveCar/softStack/amr_ws/install/amr_nav2_jetson/bin'
[1.078s] INFO:colcon.colcon_core.shell:Creating package script '/home/arkadeep/EDL/AutoDriveCar/softStack/amr_ws/install/amr_nav2_jetson/share/amr_nav2_jetson/package.ps1'
[1.079s] INFO:colcon.colcon_core.shell:Creating package descriptor '/home/arkadeep/EDL/AutoDriveCar/softStack/amr_ws/install/amr_nav2_jetson/share/amr_nav2_jetson/package.dsv'
[1.079s] INFO:colcon.colcon_core.shell:Creating package script '/home/arkadeep/EDL/AutoDriveCar/softStack/amr_ws/install/amr_nav2_jetson/share/amr_nav2_jetson/package.sh'
[1.079s] INFO:colcon.colcon_core.shell:Creating package script '/home/arkadeep/EDL/AutoDriveCar/softStack/amr_ws/install/amr_nav2_jetson/share/amr_nav2_jetson/package.bash'
[1.079s] INFO:colcon.colcon_core.shell:Creating package script '/home/arkadeep/EDL/AutoDriveCar/softStack/amr_ws/install/amr_nav2_jetson/share/amr_nav2_jetson/package.zsh'
[1.080s] Level 1:colcon.colcon_core.environment:create_file_with_runtime_dependencies(/home/arkadeep/EDL/AutoDriveCar/softStack/amr_ws/install/amr_nav2_jetson/share/colcon-core/packages/amr_nav2_jetson)
[1.080s] DEBUG:colcon.colcon_parallel_executor.executor.parallel:closing loop
[1.080s] DEBUG:colcon.colcon_parallel_executor.executor.parallel:loop closed
[1.080s] DEBUG:colcon.colcon_parallel_executor.executor.parallel:run_until_complete finished with '0'
[1.080s] DEBUG:colcon.colcon_core.event_reactor:joining thread
[1.083s] INFO:colcon.colcon_core.plugin_system:Skipping extension 'colcon_notification.desktop_notification.terminal_notifier': Not used on non-Darwin systems
[1.083s] INFO:colcon.colcon_core.plugin_system:Skipping extension 'colcon_notification.desktop_notification.win32': Not used on non-Windows systems
[1.083s] INFO:colcon.colcon_notification.desktop_notification:Sending desktop notification using 'notify2'
[1.091s] DEBUG:colcon.colcon_core.event_reactor:joined thread
[1.091s] INFO:colcon.colcon_core.shell:Creating prefix script '/home/arkadeep/EDL/AutoDriveCar/softStack/amr_ws/install/local_setup.ps1'
[1.092s] INFO:colcon.colcon_core.shell:Creating prefix util module '/home/arkadeep/EDL/AutoDriveCar/softStack/amr_ws/install/_local_setup_util_ps1.py'
[1.093s] INFO:colcon.colcon_core.shell:Creating prefix chain script '/home/arkadeep/EDL/AutoDriveCar/softStack/amr_ws/install/setup.ps1'
[1.093s] INFO:colcon.colcon_core.shell:Creating prefix script '/home/arkadeep/EDL/AutoDriveCar/softStack/amr_ws/install/local_setup.sh'
[1.094s] INFO:colcon.colcon_core.shell:Creating prefix util module '/home/arkadeep/EDL/AutoDriveCar/softStack/amr_ws/install/_local_setup_util_sh.py'
[1.094s] INFO:colcon.colcon_core.shell:Creating prefix chain script '/home/arkadeep/EDL/AutoDriveCar/softStack/amr_ws/install/setup.sh'
[1.095s] INFO:colcon.colcon_core.shell:Creating prefix script '/home/arkadeep/EDL/AutoDriveCar/softStack/amr_ws/install/local_setup.bash'
[1.095s] INFO:colcon.colcon_core.shell:Creating prefix chain script '/home/arkadeep/EDL/AutoDriveCar/softStack/amr_ws/install/setup.bash'
[1.095s] INFO:colcon.colcon_core.shell:Creating prefix script '/home/arkadeep/EDL/AutoDriveCar/softStack/amr_ws/install/local_setup.zsh'
[1.096s] INFO:colcon.colcon_core.shell:Creating prefix chain script '/home/arkadeep/EDL/AutoDriveCar/softStack/amr_ws/install/setup.zsh'
